Determining if the pthread_create exist failed with the following output:
Change Dir: /media/mohamed/C03CCDB43CCDA62E1/tutorials/Innopolis/1st/FRP/HA/Robot_Dog/dogspace/build/CMakeFiles/CMakeTmp

Run Build Command:"/usr/bin/make" "cmTC_61d9c/fast"
/usr/bin/make -f CMakeFiles/cmTC_61d9c.dir/build.make CMakeFiles/cmTC_61d9c.dir/build
make[1]: Entering directory '/media/mohamed/C03CCDB43CCDA62E1/tutorials/Innopolis/1st/FRP/HA/Robot_Dog/dogspace/build/CMakeFiles/CMakeTmp'
Building C object CMakeFiles/cmTC_61d9c.dir/CheckSymbolExists.c.o
/usr/bin/cc     -o CMakeFiles/cmTC_61d9c.dir/CheckSymbolExists.c.o   -c /media/mohamed/C03CCDB43CCDA62E1/tutorials/Innopolis/1st/FRP/HA/Robot_Dog/dogspace/build/CMakeFiles/CMakeTmp/CheckSymbolExists.c
Linking C executable cmTC_61d9c
/usr/bin/cmake -E cmake_link_script CMakeFiles/cmTC_61d9c.dir/link.txt --verbose=1
/usr/bin/cc       CMakeFiles/cmTC_61d9c.dir/CheckSymbolExists.c.o  -o cmTC_61d9c -rdynamic 
CMakeFiles/cmTC_61d9c.dir/CheckSymbolExists.c.o: In function `main':
CheckSymbolExists.c:(.text+0x16): undefined reference to `pthread_create'
collect2: error: ld returned 1 exit status
CMakeFiles/cmTC_61d9c.dir/build.make:97: recipe for target 'cmTC_61d9c' failed
make[1]: *** [cmTC_61d9c] Error 1
make[1]: Leaving directory '/media/mohamed/C03CCDB43CCDA62E1/tutorials/Innopolis/1st/FRP/HA/Robot_Dog/dogspace/build/CMakeFiles/CMakeTmp'
Makefile:126: recipe for target 'cmTC_61d9c/fast' failed
make: *** [cmTC_61d9c/fast] Error 2

File /media/mohamed/C03CCDB43CCDA62E1/tutorials/Innopolis/1st/FRP/HA/Robot_Dog/dogspace/build/CMakeFiles/CMakeTmp/CheckSymbolExists.c:
/* */
#include <pthread.h>

int main(int argc, char** argv)
{
  (void)argv;
#ifndef pthread_create
  return ((int*)(&pthread_create))[argc];
#else
  (void)argc;
  return 0;
#endif
}

Determining if the function pthread_create exists in the pthreads failed with the following output:
Change Dir: /media/mohamed/C03CCDB43CCDA62E1/tutorials/Innopolis/1st/FRP/HA/Robot_Dog/dogspace/build/CMakeFiles/CMakeTmp

Run Build Command:"/usr/bin/make" "cmTC_b3368/fast"
/usr/bin/make -f CMakeFiles/cmTC_b3368.dir/build.make CMakeFiles/cmTC_b3368.dir/build
make[1]: Entering directory '/media/mohamed/C03CCDB43CCDA62E1/tutorials/Innopolis/1st/FRP/HA/Robot_Dog/dogspace/build/CMakeFiles/CMakeTmp'
Building C object CMakeFiles/cmTC_b3368.dir/CheckFunctionExists.c.o
/usr/bin/cc    -DCHECK_FUNCTION_EXISTS=pthread_create   -o CMakeFiles/cmTC_b3368.dir/CheckFunctionExists.c.o   -c /usr/share/cmake-3.5/Modules/CheckFunctionExists.c
Linking C executable cmTC_b3368
/usr/bin/cmake -E cmake_link_script CMakeFiles/cmTC_b3368.dir/link.txt --verbose=1
/usr/bin/cc   -DCHECK_FUNCTION_EXISTS=pthread_create    CMakeFiles/cmTC_b3368.dir/CheckFunctionExists.c.o  -o cmTC_b3368 -rdynamic -lpthreads 
/usr/bin/ld: cannot find -lpthreads
collect2: error: ld returned 1 exit status
CMakeFiles/cmTC_b3368.dir/build.make:97: recipe for target 'cmTC_b3368' failed
make[1]: *** [cmTC_b3368] Error 1
make[1]: Leaving directory '/media/mohamed/C03CCDB43CCDA62E1/tutorials/Innopolis/1st/FRP/HA/Robot_Dog/dogspace/build/CMakeFiles/CMakeTmp'
Makefile:126: recipe for target 'cmTC_b3368/fast' failed
make: *** [cmTC_b3368/fast] Error 2


